
%%%% Making all in ArduPilotMega/ %%%%

make[1]: Entering directory `/root/apm/Sketchbook/branches/APM-2.x/ArduPilotMega'
%% ArduPilotMega.cpp
%% ArduPilotMega.o
In file included from /root/apm/Sketchbook/branches/APM-2.x/libraries/GCS_MAVLink/include/ardupilotmega/ardupilotmega.h:14,
                 from /root/apm/Sketchbook/branches/APM-2.x/libraries/GCS_MAVLink/include/ardupilotmega/mavlink.h:9,
                 from /root/apm/Sketchbook/branches/APM-2.x/libraries/GCS_MAVLink/GCS_MAVLink.h:83,
                 from /root/apm/Sketchbook/branches/APM-2.x/ArduPilotMega/ArduPilotMega.pde:44:
/root/apm/Sketchbook/branches/APM-2.x/libraries/GCS_MAVLink/include/ardupilotmega/../protocol.h: In function 'uint8_t put_bitfield_n_by_index(int32_t, uint8_t, uint8_t, uint8_t, uint8_t*, uint8_t*)':
/root/apm/Sketchbook/branches/APM-2.x/libraries/GCS_MAVLink/include/ardupilotmega/../protocol.h:808: warning: comparison between signed and unsigned integer expressions
/root/apm/Sketchbook/branches/APM-2.x/ArduPilotMega/GCS_Mavlink.pde: In member function 'void GCS_MAVLINK::_queued_send()':
/root/apm/Sketchbook/branches/APM-2.x/ArduPilotMega/GCS_Mavlink.pde:1064: warning: comparison between signed and unsigned integer expressions
/root/apm/Sketchbook/branches/APM-2.x/ArduPilotMega/GCS_Mavlink.pde:1097: warning: comparison between signed and unsigned integer expressions
/root/apm/Sketchbook/branches/APM-2.x/ArduPilotMega/GCS_Mavlink.pde:1098: warning: comparison between signed and unsigned integer expressions
/root/apm/Sketchbook/branches/APM-2.x/ArduPilotMega/commands_logic.pde: In function 'bool verify_loiter_time()':
/root/apm/Sketchbook/branches/APM-2.x/ArduPilotMega/commands_logic.pde:354: warning: comparison between signed and unsigned integer expressions
/root/apm/Sketchbook/branches/APM-2.x/ArduPilotMega/commands_logic.pde: In function 'bool verify_wait_delay()':
/root/apm/Sketchbook/branches/APM-2.x/ArduPilotMega/commands_logic.pde:414: warning: comparison between signed and unsigned integer expressions
/root/apm/Sketchbook/branches/APM-2.x/ArduPilotMega/radio.pde: In function 'void control_failsafe(uint16_t)':
/root/apm/Sketchbook/branches/APM-2.x/ArduPilotMega/radio.pde:121: warning: comparison between signed and unsigned integer expressions
/root/apm/Sketchbook/branches/APM-2.x/ArduPilotMega/commands_logic.pde: In function 'bool verify_may()':
/root/apm/Sketchbook/branches/APM-2.x/ArduPilotMega/commands_logic.pde:197: warning: control reaches end of non-void function
/root/apm/Sketchbook/branches/APM-2.x/ArduPilotMega/test.pde: At global scope:
/root/apm/Sketchbook/branches/APM-2.x/ArduPilotMega/test.pde:8: warning: 'int8_t test_gps(uint8_t, const Menu::arg*)' declared 'static' but never defined
/root/apm/Sketchbook/branches/APM-2.x/ArduPilotMega/test.pde:9: warning: 'int8_t test_adc(uint8_t, const Menu::arg*)' declared 'static' but never defined
/root/apm/Sketchbook/branches/APM-2.x/ArduPilotMega/test.pde:10: warning: 'int8_t test_imu(uint8_t, const Menu::arg*)' declared 'static' but never defined
/root/apm/Sketchbook/branches/APM-2.x/ArduPilotMega/test.pde:11: warning: 'int8_t test_gyro(uint8_t, const Menu::arg*)' declared 'static' but never defined
/root/apm/Sketchbook/branches/APM-2.x/ArduPilotMega/test.pde:242: warning: 'int8_t test_current(uint8_t, const Menu::arg*)' defined but not used
/root/apm/Sketchbook/branches/APM-2.x/ArduPilotMega/test.pde:16: warning: 'int8_t test_airspeed(uint8_t, const Menu::arg*)' declared 'static' but never defined
/root/apm/Sketchbook/branches/APM-2.x/ArduPilotMega/test.pde:17: warning: 'int8_t test_pressure(uint8_t, const Menu::arg*)' declared 'static' but never defined
/root/apm/Sketchbook/branches/APM-2.x/ArduPilotMega/test.pde:18: warning: 'int8_t test_mag(uint8_t, const Menu::arg*)' declared 'static' but never defined
/root/apm/Sketchbook/branches/APM-2.x/ArduPilotMega/test.pde:21: warning: 'int8_t test_rawgps(uint8_t, const Menu::arg*)' declared 'static' but never defined
%% libraries/APM_BMP085/APM_BMP085.o
%% libraries/APM_RC/APM_RC.o
%% libraries/AP_ADC/AP_ADC_ADS7844.o
%% libraries/AP_ADC/AP_ADC.o
%% libraries/AP_ADC/AP_ADC_HIL.o
%% libraries/AP_Common/AP_Common.o
%% libraries/AP_Common/AP_Loop.o
%% libraries/AP_Common/AP_MetaClass.o
%% libraries/AP_Common/AP_Var.o
%% libraries/AP_Common/AP_Var_menufuncs.o
%% libraries/AP_Common/c++.o
%% libraries/AP_Common/menu.o
%% libraries/AP_Compass/AP_Compass_HIL.o
%% libraries/AP_Compass/AP_Compass_HMC5843.o
/root/apm/Sketchbook/branches/APM-2.x/libraries/AP_Compass/AP_Compass_HMC5843.cpp: In member function 'virtual byte AP_Compass_HMC5843::read_register(int)':
/root/apm/Sketchbook/branches/APM-2.x/libraries/AP_Compass/AP_Compass_HMC5843.cpp:199: warning: unused variable 'buff'
/root/apm/Sketchbook/branches/APM-2.x/libraries/AP_Compass/AP_Compass_HMC5843.cpp:198: warning: 'result' may be used uninitialized in this function
%% libraries/AP_Compass/AP_Compass_HMC5883L.o
%% libraries/AP_Compass/Compass.o
%% libraries/AP_DCM/AP_DCM.o
%% libraries/AP_DCM/AP_DCM_HIL.o
%% libraries/AP_GPS/AP_GPS_406.o
%% libraries/AP_GPS/AP_GPS_Auto.o
%% libraries/AP_GPS/AP_GPS_HIL.o
%% libraries/AP_GPS/AP_GPS_IMU.o
%% libraries/AP_GPS/AP_GPS_MTK16.o
%% libraries/AP_GPS/AP_GPS_MTK.o
%% libraries/AP_GPS/AP_GPS_NMEA.o
%% libraries/AP_GPS/AP_GPS_SIRF.o
%% libraries/AP_GPS/AP_GPS_UBLOX.o
%% libraries/AP_GPS/GPS.o
%% libraries/AP_IMU/AP_IMU_Oilpan.o
%% libraries/DataFlash/DataFlash.o
%% libraries/FastSerial/BetterStream.o
%% libraries/FastSerial/FastSerial.o
%% libraries/FastSerial/vprintf.o
%% libraries/GCS_MAVLink/GCS_MAVLink.o
In file included from /root/apm/Sketchbook/branches/APM-2.x/libraries/GCS_MAVLink/include/ardupilotmega/ardupilotmega.h:14,
                 from /root/apm/Sketchbook/branches/APM-2.x/libraries/GCS_MAVLink/include/ardupilotmega/mavlink.h:9,
                 from /root/apm/Sketchbook/branches/APM-2.x/libraries/GCS_MAVLink/GCS_MAVLink.h:83,
                 from /root/apm/Sketchbook/branches/APM-2.x/libraries/GCS_MAVLink/GCS_MAVLink.cpp:6:
/root/apm/Sketchbook/branches/APM-2.x/libraries/GCS_MAVLink/include/ardupilotmega/../protocol.h: In function 'uint8_t put_bitfield_n_by_index(int32_t, uint8_t, uint8_t, uint8_t, uint8_t*, uint8_t*)':
/root/apm/Sketchbook/branches/APM-2.x/libraries/GCS_MAVLink/include/ardupilotmega/../protocol.h:808: warning: comparison between signed and unsigned integer expressions
%% libraries/PID/PID.o
%% libraries/RC_Channel/RC_Channel.o
%% libraries/FastSerial/ftoa_engine.o
%% libraries/FastSerial/ultoa_invert.o
%% libraries/Wire/Wire.o
%% libraries/Wire/utility/twi.o
cc1: warning: command line option "-Wno-reorder" is valid for C++/ObjC++ but not for C
%% arduino/HardwareSerial.o
In file included from /usr/local/share/arduino/hardware/arduino/cores/arduino/wiring_private.h:30,
                 from /usr/local/share/arduino/hardware/arduino/cores/arduino/HardwareSerial.cpp:28:
/usr/lib/gcc/avr/4.3.5/../../../avr/include/avr/delay.h:36:2: warning: #warning "This file has been moved to <util/delay.h>."
%% arduino/main.o
%% arduino/Print.o
%% arduino/Tone.o
/usr/local/share/arduino/hardware/arduino/cores/arduino/Tone.cpp:93: warning: only initialized variables can be placed into program memory area
%% arduino/WMath.o
%% arduino/WString.o
In file included from /usr/local/share/arduino/hardware/arduino/cores/arduino/wiring_private.h:30,
                 from /usr/local/share/arduino/hardware/arduino/cores/arduino/pins_arduino.c:26:
/usr/lib/gcc/avr/4.3.5/../../../avr/include/avr/delay.h:36:2: warning: #warning "This file has been moved to <util/delay.h>."
/usr/local/share/arduino/hardware/arduino/cores/arduino/pins_arduino.c:84: warning: initialization makes integer from pointer without a cast
/usr/local/share/arduino/hardware/arduino/cores/arduino/pins_arduino.c:85: warning: initialization makes integer from pointer without a cast
/usr/local/share/arduino/hardware/arduino/cores/arduino/pins_arduino.c:86: warning: initialization makes integer from pointer without a cast
/usr/local/share/arduino/hardware/arduino/cores/arduino/pins_arduino.c:87: warning: initialization makes integer from pointer without a cast
/usr/local/share/arduino/hardware/arduino/cores/arduino/pins_arduino.c:88: warning: initialization makes integer from pointer without a cast
/usr/local/share/arduino/hardware/arduino/cores/arduino/pins_arduino.c:89: warning: initialization makes integer from pointer without a cast
/usr/local/share/arduino/hardware/arduino/cores/arduino/pins_arduino.c:90: warning: initialization makes integer from pointer without a cast
/usr/local/share/arduino/hardware/arduino/cores/arduino/pins_arduino.c:91: warning: initialization makes integer from pointer without a cast
/usr/local/share/arduino/hardware/arduino/cores/arduino/pins_arduino.c:93: warning: initialization makes integer from pointer without a cast
/usr/local/share/arduino/hardware/arduino/cores/arduino/pins_arduino.c:94: warning: initialization makes integer from pointer without a cast
/usr/local/share/arduino/hardware/arduino/cores/arduino/pins_arduino.c:95: warning: initialization makes integer from pointer without a cast
/usr/local/share/arduino/hardware/arduino/cores/arduino/pins_arduino.c:100: warning: initialization makes integer from pointer without a cast
/usr/local/share/arduino/hardware/arduino/cores/arduino/pins_arduino.c:101: warning: initialization makes integer from pointer without a cast
/usr/local/share/arduino/hardware/arduino/cores/arduino/pins_arduino.c:102: warning: initialization makes integer from pointer without a cast
/usr/local/share/arduino/hardware/arduino/cores/arduino/pins_arduino.c:103: warning: initialization makes integer from pointer without a cast
/usr/local/share/arduino/hardware/arduino/cores/arduino/pins_arduino.c:104: warning: initialization makes integer from pointer without a cast
/usr/local/share/arduino/hardware/arduino/cores/arduino/pins_arduino.c:105: warning: initialization makes integer from pointer without a cast
/usr/local/share/arduino/hardware/arduino/cores/arduino/pins_arduino.c:106: warning: initialization makes integer from pointer without a cast
/usr/local/share/arduino/hardware/arduino/cores/arduino/pins_arduino.c:107: warning: initialization makes integer from pointer without a cast
/usr/local/share/arduino/hardware/arduino/cores/arduino/pins_arduino.c:109: warning: initialization makes integer from pointer without a cast
/usr/local/share/arduino/hardware/arduino/cores/arduino/pins_arduino.c:110: warning: initialization makes integer from pointer without a cast
/usr/local/share/arduino/hardware/arduino/cores/arduino/pins_arduino.c:111: warning: initialization makes integer from pointer without a cast
/usr/local/share/arduino/hardware/arduino/cores/arduino/pins_arduino.c:116: warning: initialization makes integer from pointer without a cast
/usr/local/share/arduino/hardware/arduino/cores/arduino/pins_arduino.c:117: warning: initialization makes integer from pointer without a cast
/usr/local/share/arduino/hardware/arduino/cores/arduino/pins_arduino.c:118: warning: initialization makes integer from pointer without a cast
/usr/local/share/arduino/hardware/arduino/cores/arduino/pins_arduino.c:119: warning: initialization makes integer from pointer without a cast
/usr/local/share/arduino/hardware/arduino/cores/arduino/pins_arduino.c:120: warning: initialization makes integer from pointer without a cast
/usr/local/share/arduino/hardware/arduino/cores/arduino/pins_arduino.c:121: warning: initialization makes integer from pointer without a cast
/usr/local/share/arduino/hardware/arduino/cores/arduino/pins_arduino.c:122: warning: initialization makes integer from pointer without a cast
/usr/local/share/arduino/hardware/arduino/cores/arduino/pins_arduino.c:123: warning: initialization makes integer from pointer without a cast
/usr/local/share/arduino/hardware/arduino/cores/arduino/pins_arduino.c:125: warning: initialization makes integer from pointer without a cast
/usr/local/share/arduino/hardware/arduino/cores/arduino/pins_arduino.c:126: warning: initialization makes integer from pointer without a cast
/usr/local/share/arduino/hardware/arduino/cores/arduino/pins_arduino.c:127: warning: initialization makes integer from pointer without a cast
In file included from /usr/local/share/arduino/hardware/arduino/cores/arduino/wiring_private.h:30,
                 from /usr/local/share/arduino/hardware/arduino/cores/arduino/WInterrupts.c:34:
/usr/lib/gcc/avr/4.3.5/../../../avr/include/avr/delay.h:36:2: warning: #warning "This file has been moved to <util/delay.h>."
In file included from /usr/local/share/arduino/hardware/arduino/cores/arduino/wiring_private.h:30,
                 from /usr/local/share/arduino/hardware/arduino/cores/arduino/wiring_analog.c:27:
/usr/lib/gcc/avr/4.3.5/../../../avr/include/avr/delay.h:36:2: warning: #warning "This file has been moved to <util/delay.h>."
In file included from /usr/local/share/arduino/hardware/arduino/cores/arduino/wiring_private.h:30,
                 from /usr/local/share/arduino/hardware/arduino/cores/arduino/wiring.c:25:
/usr/lib/gcc/avr/4.3.5/../../../avr/include/avr/delay.h:36:2: warning: #warning "This file has been moved to <util/delay.h>."
In file included from /usr/local/share/arduino/hardware/arduino/cores/arduino/wiring_private.h:30,
                 from /usr/local/share/arduino/hardware/arduino/cores/arduino/wiring_digital.c:27:
/usr/lib/gcc/avr/4.3.5/../../../avr/include/avr/delay.h:36:2: warning: #warning "This file has been moved to <util/delay.h>."
In file included from /usr/local/share/arduino/hardware/arduino/cores/arduino/wiring_private.h:30,
                 from /usr/local/share/arduino/hardware/arduino/cores/arduino/wiring_pulse.c:25:
/usr/lib/gcc/avr/4.3.5/../../../avr/include/avr/delay.h:36:2: warning: #warning "This file has been moved to <util/delay.h>."
In file included from /usr/local/share/arduino/hardware/arduino/cores/arduino/wiring_private.h:30,
                 from /usr/local/share/arduino/hardware/arduino/cores/arduino/wiring_shift.c:25:
/usr/lib/gcc/avr/4.3.5/../../../avr/include/avr/delay.h:36:2: warning: #warning "This file has been moved to <util/delay.h>."
%% arduino/core.a
%% ArduPilotMega.elf
%% ArduPilotMega.eep
%% ArduPilotMega.hex
make[1]: Leaving directory `/root/apm/Sketchbook/branches/APM-2.x/ArduPilotMega'
