
%%%% Making all in ArduCopterMega/ %%%%

make[1]: Entering directory `/root/apm/Sketchbook/trunk/ArduCopterMega'
%% ArduCopterMega.cpp
%% ArduCopterMega.o
In file included from /root/apm/Sketchbook/trunk/ArduCopterMega/ArduCopterMega.pde:32:
/usr/local/share/arduino/libraries/SPI/SPI.h:25:1: warning: "SPI_CLOCK_DIV64" redefined
/usr/local/share/arduino/libraries/SPI/SPI.h:20:1: warning: this is the location of the previous definition
In file included from /root/apm/Sketchbook/trunk/libraries/GCS_MAVLink/include/ardupilotmega/ardupilotmega.h:14,
                 from /root/apm/Sketchbook/trunk/libraries/GCS_MAVLink/include/ardupilotmega/mavlink.h:9,
                 from /root/apm/Sketchbook/trunk/libraries/GCS_MAVLink/GCS_MAVLink.h:83,
                 from /root/apm/Sketchbook/trunk/ArduCopterMega/ArduCopterMega.pde:45:
/root/apm/Sketchbook/trunk/libraries/GCS_MAVLink/include/ardupilotmega/../protocol.h: In function 'uint8_t put_bitfield_n_by_index(int32_t, uint8_t, uint8_t, uint8_t, uint8_t*, uint8_t*)':
/root/apm/Sketchbook/trunk/libraries/GCS_MAVLink/include/ardupilotmega/../protocol.h:808: warning: comparison between signed and unsigned integer expressions
In file included from /root/apm/Sketchbook/trunk/ArduCopterMega/GCS_Mavlink.pde:5:
/root/apm/Sketchbook/trunk/ArduCopterMega/Mavlink_Common.h: In function 'void mavlink_send_message(mavlink_channel_t, uint8_t, uint32_t, uint16_t)':
/root/apm/Sketchbook/trunk/ArduCopterMega/Mavlink_Common.h:66: warning: unused variable 'motor_block'
/root/apm/Sketchbook/trunk/ArduCopterMega/GCS_Mavlink.pde: In member function 'void GCS_MAVLINK::handleMessage(mavlink_message_t*)':
/root/apm/Sketchbook/trunk/ArduCopterMega/GCS_Mavlink.pde:401: warning: comparison between signed and unsigned integer expressions
/root/apm/Sketchbook/trunk/ArduCopterMega/GCS_Mavlink.pde:494: warning: unused variable 'type'
/root/apm/Sketchbook/trunk/ArduCopterMega/GCS_Mavlink.pde:693: warning: comparison between signed and unsigned integer expressions
/root/apm/Sketchbook/trunk/ArduCopterMega/GCS_Mavlink.pde:592: warning: unused variable 'loadAction'
/root/apm/Sketchbook/trunk/ArduCopterMega/GCS_Mavlink.pde: In member function 'void GCS_MAVLINK::_queued_send()':
/root/apm/Sketchbook/trunk/ArduCopterMega/GCS_Mavlink.pde:943: warning: comparison between signed and unsigned integer expressions
/root/apm/Sketchbook/trunk/ArduCopterMega/GCS_Mavlink.pde:976: warning: comparison between signed and unsigned integer expressions
/root/apm/Sketchbook/trunk/ArduCopterMega/GCS_Mavlink.pde:977: warning: comparison between signed and unsigned integer expressions
/root/apm/Sketchbook/trunk/ArduCopterMega/Log.pde: In function 'int8_t help_log(uint8_t, const Menu::arg*)':
/root/apm/Sketchbook/trunk/ArduCopterMega/Log.pde:30: warning: no return statement in function returning non-void
/root/apm/Sketchbook/trunk/ArduCopterMega/Log.pde: In function 'int8_t select_logs(uint8_t, const Menu::arg*)':
/root/apm/Sketchbook/trunk/ArduCopterMega/Log.pde:166: warning: operation on 'bits' may be undefined
/root/apm/Sketchbook/trunk/ArduCopterMega/Log.pde: In function 'void Log_Read(int, int)':
/root/apm/Sketchbook/trunk/ArduCopterMega/Log.pde:745: warning: unused variable 'packet_count'
/root/apm/Sketchbook/trunk/ArduCopterMega/commands_logic.pde: In function 'bool verify_wait_delay()':
/root/apm/Sketchbook/trunk/ArduCopterMega/commands_logic.pde:549: warning: comparison between signed and unsigned integer expressions
/root/apm/Sketchbook/trunk/ArduCopterMega/planner.pde: In function 'int8_t planner_mode(uint8_t, const Menu::arg*)':
/root/apm/Sketchbook/trunk/ArduCopterMega/planner.pde:21: error: unknown escape sequence '\N'
/root/apm/Sketchbook/trunk/ArduCopterMega/radio.pde: In function 'void throttle_failsafe(uint16_t)':
/root/apm/Sketchbook/trunk/ArduCopterMega/radio.pde:144: warning: comparison between signed and unsigned integer expressions
/root/apm/Sketchbook/trunk/ArduCopterMega/setup.pde: In function 'int8_t setup_mode(uint8_t, const Menu::arg*)':
/root/apm/Sketchbook/trunk/ArduCopterMega/setup.pde:72: warning: no return statement in function returning non-void
/root/apm/Sketchbook/trunk/ArduCopterMega/system.pde: In function 'void init_compass()':
/root/apm/Sketchbook/trunk/ArduCopterMega/system.pde:439: warning: unused variable 'junkbool'
/root/apm/Sketchbook/trunk/ArduCopterMega/test.pde: In function 'int8_t test_mode(uint8_t, const Menu::arg*)':
/root/apm/Sketchbook/trunk/ArduCopterMega/test.pde:86: warning: no return statement in function returning non-void
/root/apm/Sketchbook/trunk/ArduCopterMega/Log.pde: At global scope:
/root/apm/Sketchbook/trunk/ArduCopterMega/Log.pde:13: warning: 'int8_t print_log_menu(uint8_t, const Menu::arg*)' declared 'static' but never defined
make[1]: *** [/tmp/ArduCopterMega.build/ArduCopterMega.o] Error 1
make[1]: Leaving directory `/root/apm/Sketchbook/trunk/ArduCopterMega'

%%%% Making all in ArduPilotMega/ %%%%

make[1]: Entering directory `/root/apm/Sketchbook/trunk/ArduPilotMega'
%% ArduPilotMega.cpp
%% ArduPilotMega.o
In file included from /root/apm/Sketchbook/trunk/libraries/GCS_MAVLink/include/ardupilotmega/ardupilotmega.h:14,
                 from /root/apm/Sketchbook/trunk/libraries/GCS_MAVLink/include/ardupilotmega/mavlink.h:9,
                 from /root/apm/Sketchbook/trunk/libraries/GCS_MAVLink/GCS_MAVLink.h:83,
                 from /root/apm/Sketchbook/trunk/ArduPilotMega/ArduPilotMega.pde:44:
/root/apm/Sketchbook/trunk/libraries/GCS_MAVLink/include/ardupilotmega/../protocol.h: In function 'uint8_t put_bitfield_n_by_index(int32_t, uint8_t, uint8_t, uint8_t, uint8_t*, uint8_t*)':
/root/apm/Sketchbook/trunk/libraries/GCS_MAVLink/include/ardupilotmega/../protocol.h:808: warning: comparison between signed and unsigned integer expressions
/root/apm/Sketchbook/trunk/ArduPilotMega/ArduPilotMega.pde: In function 'void fast_loop()':
/root/apm/Sketchbook/trunk/ArduPilotMega/ArduPilotMega.pde:494: warning: logical '&&' with non-zero constant will always evaluate as true
/root/apm/Sketchbook/trunk/ArduPilotMega/GCS_Mavlink.pde: In member function 'void GCS_MAVLINK::_queued_send()':
/root/apm/Sketchbook/trunk/ArduPilotMega/GCS_Mavlink.pde:976: warning: comparison between signed and unsigned integer expressions
/root/apm/Sketchbook/trunk/ArduPilotMega/GCS_Mavlink.pde:1009: warning: comparison between signed and unsigned integer expressions
/root/apm/Sketchbook/trunk/ArduPilotMega/GCS_Mavlink.pde:1010: warning: comparison between signed and unsigned integer expressions
/root/apm/Sketchbook/trunk/ArduPilotMega/commands_logic.pde: In function 'bool verify_loiter_time()':
/root/apm/Sketchbook/trunk/ArduPilotMega/commands_logic.pde:358: warning: comparison between signed and unsigned integer expressions
/root/apm/Sketchbook/trunk/ArduPilotMega/commands_logic.pde: In function 'bool verify_wait_delay()':
/root/apm/Sketchbook/trunk/ArduPilotMega/commands_logic.pde:418: warning: comparison between signed and unsigned integer expressions
/root/apm/Sketchbook/trunk/ArduPilotMega/radio.pde: In function 'void control_failsafe(uint16_t)':
/root/apm/Sketchbook/trunk/ArduPilotMega/radio.pde:121: warning: comparison between signed and unsigned integer expressions
%% libraries/APM_BMP085/APM_BMP085.o
%% libraries/APM_RC/APM_RC.o
%% libraries/AP_ADC/AP_ADC_ADS7844.o
%% libraries/AP_ADC/AP_ADC.o
%% libraries/AP_ADC/AP_ADC_HIL.o
%% libraries/AP_Common/AP_Common.o
%% libraries/AP_Common/AP_Loop.o
%% libraries/AP_Common/AP_MetaClass.o
%% libraries/AP_Common/AP_Var.o
%% libraries/AP_Common/AP_Var_menufuncs.o
%% libraries/AP_Common/c++.o
%% libraries/AP_Common/menu.o
%% libraries/AP_Compass/AP_Compass_HIL.o
%% libraries/AP_Compass/AP_Compass_HMC5843.o
%% libraries/AP_Compass/AP_Compass_HMC5883L.o
%% libraries/AP_Compass/Compass.o
%% libraries/AP_DCM/AP_DCM.o
%% libraries/AP_DCM/AP_DCM_HIL.o
%% libraries/AP_GPS/AP_GPS_406.o
%% libraries/AP_GPS/AP_GPS_Auto.o
%% libraries/AP_GPS/AP_GPS_HIL.o
%% libraries/AP_GPS/AP_GPS_IMU.o
%% libraries/AP_GPS/AP_GPS_MTK16.o
%% libraries/AP_GPS/AP_GPS_MTK.o
%% libraries/AP_GPS/AP_GPS_NMEA.o
%% libraries/AP_GPS/AP_GPS_SIRF.o
%% libraries/AP_GPS/AP_GPS_UBLOX.o
%% libraries/AP_GPS/GPS.o
%% libraries/AP_IMU/AP_IMU_Oilpan.o
%% libraries/AP_RangeFinder/AP_RangeFinder_MaxsonarLV.o
%% libraries/AP_RangeFinder/AP_RangeFinder_MaxsonarXL.o
%% libraries/AP_RangeFinder/AP_RangeFinder_SharpGP2Y.o
%% libraries/AP_RangeFinder/RangeFinder.o
%% libraries/DataFlash/DataFlash.o
%% libraries/FastSerial/BetterStream.o
%% libraries/FastSerial/FastSerial.o
%% libraries/FastSerial/vprintf.o
%% libraries/GCS_MAVLink/GCS_MAVLink.o
In file included from /root/apm/Sketchbook/trunk/libraries/GCS_MAVLink/include/ardupilotmega/ardupilotmega.h:14,
                 from /root/apm/Sketchbook/trunk/libraries/GCS_MAVLink/include/ardupilotmega/mavlink.h:9,
                 from /root/apm/Sketchbook/trunk/libraries/GCS_MAVLink/GCS_MAVLink.h:83,
                 from /root/apm/Sketchbook/trunk/libraries/GCS_MAVLink/GCS_MAVLink.cpp:6:
/root/apm/Sketchbook/trunk/libraries/GCS_MAVLink/include/ardupilotmega/../protocol.h: In function 'uint8_t put_bitfield_n_by_index(int32_t, uint8_t, uint8_t, uint8_t, uint8_t*, uint8_t*)':
/root/apm/Sketchbook/trunk/libraries/GCS_MAVLink/include/ardupilotmega/../protocol.h:808: warning: comparison between signed and unsigned integer expressions
%% libraries/PID/PID.o
%% libraries/RC_Channel/RC_Channel.o
%% libraries/FastSerial/ftoa_engine.o
%% libraries/FastSerial/ultoa_invert.o
%% libraries/Wire/Wire.o
%% libraries/Wire/utility/twi.o
cc1: warning: command line option "-Wno-reorder" is valid for C++/ObjC++ but not for C
%% arduino/HardwareSerial.o
In file included from /usr/local/share/arduino/hardware/arduino/cores/arduino/wiring_private.h:30,
                 from /usr/local/share/arduino/hardware/arduino/cores/arduino/HardwareSerial.cpp:28:
/usr/lib/gcc/avr/4.3.5/../../../avr/include/avr/delay.h:36:2: warning: #warning "This file has been moved to <util/delay.h>."
%% arduino/main.o
%% arduino/Print.o
%% arduino/Tone.o
/usr/local/share/arduino/hardware/arduino/cores/arduino/Tone.cpp:93: warning: only initialized variables can be placed into program memory area
%% arduino/WMath.o
%% arduino/WString.o
In file included from /usr/local/share/arduino/hardware/arduino/cores/arduino/wiring_private.h:30,
                 from /usr/local/share/arduino/hardware/arduino/cores/arduino/pins_arduino.c:26:
/usr/lib/gcc/avr/4.3.5/../../../avr/include/avr/delay.h:36:2: warning: #warning "This file has been moved to <util/delay.h>."
/usr/local/share/arduino/hardware/arduino/cores/arduino/pins_arduino.c:84: warning: initialization makes integer from pointer without a cast
/usr/local/share/arduino/hardware/arduino/cores/arduino/pins_arduino.c:85: warning: initialization makes integer from pointer without a cast
/usr/local/share/arduino/hardware/arduino/cores/arduino/pins_arduino.c:86: warning: initialization makes integer from pointer without a cast
/usr/local/share/arduino/hardware/arduino/cores/arduino/pins_arduino.c:87: warning: initialization makes integer from pointer without a cast
/usr/local/share/arduino/hardware/arduino/cores/arduino/pins_arduino.c:88: warning: initialization makes integer from pointer without a cast
/usr/local/share/arduino/hardware/arduino/cores/arduino/pins_arduino.c:89: warning: initialization makes integer from pointer without a cast
/usr/local/share/arduino/hardware/arduino/cores/arduino/pins_arduino.c:90: warning: initialization makes integer from pointer without a cast
/usr/local/share/arduino/hardware/arduino/cores/arduino/pins_arduino.c:91: warning: initialization makes integer from pointer without a cast
/usr/local/share/arduino/hardware/arduino/cores/arduino/pins_arduino.c:93: warning: initialization makes integer from pointer without a cast
/usr/local/share/arduino/hardware/arduino/cores/arduino/pins_arduino.c:94: warning: initialization makes integer from pointer without a cast
/usr/local/share/arduino/hardware/arduino/cores/arduino/pins_arduino.c:95: warning: initialization makes integer from pointer without a cast
/usr/local/share/arduino/hardware/arduino/cores/arduino/pins_arduino.c:100: warning: initialization makes integer from pointer without a cast
/usr/local/share/arduino/hardware/arduino/cores/arduino/pins_arduino.c:101: warning: initialization makes integer from pointer without a cast
/usr/local/share/arduino/hardware/arduino/cores/arduino/pins_arduino.c:102: warning: initialization makes integer from pointer without a cast
/usr/local/share/arduino/hardware/arduino/cores/arduino/pins_arduino.c:103: warning: initialization makes integer from pointer without a cast
/usr/local/share/arduino/hardware/arduino/cores/arduino/pins_arduino.c:104: warning: initialization makes integer from pointer without a cast
/usr/local/share/arduino/hardware/arduino/cores/arduino/pins_arduino.c:105: warning: initialization makes integer from pointer without a cast
/usr/local/share/arduino/hardware/arduino/cores/arduino/pins_arduino.c:106: warning: initialization makes integer from pointer without a cast
/usr/local/share/arduino/hardware/arduino/cores/arduino/pins_arduino.c:107: warning: initialization makes integer from pointer without a cast
/usr/local/share/arduino/hardware/arduino/cores/arduino/pins_arduino.c:109: warning: initialization makes integer from pointer without a cast
/usr/local/share/arduino/hardware/arduino/cores/arduino/pins_arduino.c:110: warning: initialization makes integer from pointer without a cast
/usr/local/share/arduino/hardware/arduino/cores/arduino/pins_arduino.c:111: warning: initialization makes integer from pointer without a cast
/usr/local/share/arduino/hardware/arduino/cores/arduino/pins_arduino.c:116: warning: initialization makes integer from pointer without a cast
/usr/local/share/arduino/hardware/arduino/cores/arduino/pins_arduino.c:117: warning: initialization makes integer from pointer without a cast
/usr/local/share/arduino/hardware/arduino/cores/arduino/pins_arduino.c:118: warning: initialization makes integer from pointer without a cast
/usr/local/share/arduino/hardware/arduino/cores/arduino/pins_arduino.c:119: warning: initialization makes integer from pointer without a cast
/usr/local/share/arduino/hardware/arduino/cores/arduino/pins_arduino.c:120: warning: initialization makes integer from pointer without a cast
/usr/local/share/arduino/hardware/arduino/cores/arduino/pins_arduino.c:121: warning: initialization makes integer from pointer without a cast
/usr/local/share/arduino/hardware/arduino/cores/arduino/pins_arduino.c:122: warning: initialization makes integer from pointer without a cast
/usr/local/share/arduino/hardware/arduino/cores/arduino/pins_arduino.c:123: warning: initialization makes integer from pointer without a cast
/usr/local/share/arduino/hardware/arduino/cores/arduino/pins_arduino.c:125: warning: initialization makes integer from pointer without a cast
/usr/local/share/arduino/hardware/arduino/cores/arduino/pins_arduino.c:126: warning: initialization makes integer from pointer without a cast
/usr/local/share/arduino/hardware/arduino/cores/arduino/pins_arduino.c:127: warning: initialization makes integer from pointer without a cast
In file included from /usr/local/share/arduino/hardware/arduino/cores/arduino/wiring_private.h:30,
                 from /usr/local/share/arduino/hardware/arduino/cores/arduino/WInterrupts.c:34:
/usr/lib/gcc/avr/4.3.5/../../../avr/include/avr/delay.h:36:2: warning: #warning "This file has been moved to <util/delay.h>."
In file included from /usr/local/share/arduino/hardware/arduino/cores/arduino/wiring_private.h:30,
                 from /usr/local/share/arduino/hardware/arduino/cores/arduino/wiring_analog.c:27:
/usr/lib/gcc/avr/4.3.5/../../../avr/include/avr/delay.h:36:2: warning: #warning "This file has been moved to <util/delay.h>."
In file included from /usr/local/share/arduino/hardware/arduino/cores/arduino/wiring_private.h:30,
                 from /usr/local/share/arduino/hardware/arduino/cores/arduino/wiring.c:25:
/usr/lib/gcc/avr/4.3.5/../../../avr/include/avr/delay.h:36:2: warning: #warning "This file has been moved to <util/delay.h>."
In file included from /usr/local/share/arduino/hardware/arduino/cores/arduino/wiring_private.h:30,
                 from /usr/local/share/arduino/hardware/arduino/cores/arduino/wiring_digital.c:27:
/usr/lib/gcc/avr/4.3.5/../../../avr/include/avr/delay.h:36:2: warning: #warning "This file has been moved to <util/delay.h>."
In file included from /usr/local/share/arduino/hardware/arduino/cores/arduino/wiring_private.h:30,
                 from /usr/local/share/arduino/hardware/arduino/cores/arduino/wiring_pulse.c:25:
/usr/lib/gcc/avr/4.3.5/../../../avr/include/avr/delay.h:36:2: warning: #warning "This file has been moved to <util/delay.h>."
In file included from /usr/local/share/arduino/hardware/arduino/cores/arduino/wiring_private.h:30,
                 from /usr/local/share/arduino/hardware/arduino/cores/arduino/wiring_shift.c:25:
/usr/lib/gcc/avr/4.3.5/../../../avr/include/avr/delay.h:36:2: warning: #warning "This file has been moved to <util/delay.h>."
%% arduino/core.a
%% ArduPilotMega.elf
%% ArduPilotMega.eep
%% ArduPilotMega.hex
make[1]: Leaving directory `/root/apm/Sketchbook/trunk/ArduPilotMega'
