
%%%% Making all in ArduCopterMega/ %%%%

make[1]: Entering directory `/root/apm/Sketchbook/trunk/ArduCopterMega'
%% ArduCopterMega.cpp
%% ArduCopterMega.o
In file included from /root/apm/Sketchbook/trunk/ArduCopterMega/ArduCopterMega.pde:32:
/usr/local/share/arduino/libraries/SPI/SPI.h:25:1: warning: "SPI_CLOCK_DIV64" redefined
/usr/local/share/arduino/libraries/SPI/SPI.h:20:1: warning: this is the location of the previous definition
In file included from /root/apm/Sketchbook/trunk/ArduCopterMega/ArduCopterMega.pde:39:
/root/apm/Sketchbook/trunk/libraries/AP_DCM/AP_DCM.h: In constructor 'AP_DCM::AP_DCM(IMU*, GPS*&, Compass*)':
/root/apm/Sketchbook/trunk/libraries/AP_DCM/AP_DCM.h:116: warning: 'AP_DCM::_health' will be initialized after
/root/apm/Sketchbook/trunk/libraries/AP_DCM/AP_DCM.h:81: warning:   'float AP_DCM::_kp_roll_pitch'
/root/apm/Sketchbook/trunk/libraries/AP_DCM/AP_DCM.h:24: warning:   when initialized here
In file included from /root/apm/Sketchbook/trunk/ArduCopterMega/ArduCopterMega.pde:40:
/root/apm/Sketchbook/trunk/libraries/PID/PID.h: In member function 'void PID::operator()(float, float, float, int16_t)':
/root/apm/Sketchbook/trunk/libraries/PID/PID.h:110: warning: declaration of 'imax' shadows a member of 'this'
In file included from /root/apm/Sketchbook/trunk/ArduCopterMega/ArduCopterMega.pde:41:
/root/apm/Sketchbook/trunk/libraries/RC_Channel/RC_Channel.h: In constructor 'RC_Channel::RC_Channel(uint16_t, const prog_char_t*)':
/root/apm/Sketchbook/trunk/libraries/RC_Channel/RC_Channel.h:102: warning: 'RC_Channel::_high' will be initialized after
/root/apm/Sketchbook/trunk/libraries/RC_Channel/RC_Channel.h:98: warning:   'bool RC_Channel::_filter'
/root/apm/Sketchbook/trunk/libraries/RC_Channel/RC_Channel.h:24: warning:   when initialized here
/root/apm/Sketchbook/trunk/libraries/RC_Channel/RC_Channel.h:99: warning: 'RC_Channel::_reverse' will be initialized after
/root/apm/Sketchbook/trunk/libraries/RC_Channel/RC_Channel.h:67: warning:   'int16_t RC_Channel::dead_zone'
/root/apm/Sketchbook/trunk/libraries/RC_Channel/RC_Channel.h:24: warning:   when initialized here
In file included from /root/apm/Sketchbook/trunk/libraries/GCS_MAVLink/include/ardupilotmega/ardupilotmega.h:14,
                 from /root/apm/Sketchbook/trunk/libraries/GCS_MAVLink/include/ardupilotmega/mavlink.h:9,
                 from /root/apm/Sketchbook/trunk/libraries/GCS_MAVLink/GCS_MAVLink.h:83,
                 from /root/apm/Sketchbook/trunk/ArduCopterMega/ArduCopterMega.pde:45:
/root/apm/Sketchbook/trunk/libraries/GCS_MAVLink/include/ardupilotmega/../protocol.h: In function 'uint8_t put_bitfield_n_by_index(int32_t, uint8_t, uint8_t, uint8_t, uint8_t*, uint8_t*)':
/root/apm/Sketchbook/trunk/libraries/GCS_MAVLink/include/ardupilotmega/../protocol.h:808: warning: comparison between signed and unsigned integer expressions
In file included from /root/apm/Sketchbook/trunk/ArduCopterMega/ArduCopterMega.pde:52:
/root/apm/Sketchbook/trunk/ArduCopterMega/Parameters.h: In constructor 'Parameters::Parameters()':
/root/apm/Sketchbook/trunk/ArduCopterMega/Parameters.h:200: warning: 'Parameters::compass_enabled' will be initialized after
/root/apm/Sketchbook/trunk/ArduCopterMega/Parameters.h:161: warning:   'AP_Int8 Parameters::waypoint_mode'
/root/apm/Sketchbook/trunk/ArduCopterMega/Parameters.h:239: warning:   when initialized here
/root/apm/Sketchbook/trunk/ArduCopterMega/Attitude.pde: In function 'void output_stabilize_pitch()':
/root/apm/Sketchbook/trunk/ArduCopterMega/Attitude.pde:55: warning: unused variable 'rate'
/root/apm/Sketchbook/trunk/ArduCopterMega/Attitude.pde:56: warning: unused variable 'dampener'
In file included from /root/apm/Sketchbook/trunk/ArduCopterMega/GCS_Mavlink.pde:5:
/root/apm/Sketchbook/trunk/ArduCopterMega/Mavlink_Common.h: In function 'void mavlink_send_message(mavlink_channel_t, uint8_t, uint32_t, uint16_t)':
/root/apm/Sketchbook/trunk/ArduCopterMega/Mavlink_Common.h:75: warning: unused variable 'motor_block'
/root/apm/Sketchbook/trunk/ArduCopterMega/GCS_Mavlink.pde: In member function 'void GCS_MAVLINK::handleMessage(mavlink_message_t*)':
/root/apm/Sketchbook/trunk/ArduCopterMega/GCS_Mavlink.pde:401: warning: comparison between signed and unsigned integer expressions
/root/apm/Sketchbook/trunk/ArduCopterMega/GCS_Mavlink.pde:494: warning: unused variable 'type'
/root/apm/Sketchbook/trunk/ArduCopterMega/GCS_Mavlink.pde:693: warning: comparison between signed and unsigned integer expressions
/root/apm/Sketchbook/trunk/ArduCopterMega/GCS_Mavlink.pde:592: warning: unused variable 'loadAction'
/root/apm/Sketchbook/trunk/ArduCopterMega/GCS_Mavlink.pde: In member function 'void GCS_MAVLINK::_queued_send()':
/root/apm/Sketchbook/trunk/ArduCopterMega/GCS_Mavlink.pde:943: warning: comparison between signed and unsigned integer expressions
/root/apm/Sketchbook/trunk/ArduCopterMega/GCS_Mavlink.pde:976: warning: comparison between signed and unsigned integer expressions
/root/apm/Sketchbook/trunk/ArduCopterMega/GCS_Mavlink.pde:977: warning: comparison between signed and unsigned integer expressions
/root/apm/Sketchbook/trunk/ArduCopterMega/Log.pde: In function 'int8_t help_log(uint8_t, const Menu::arg*)':
/root/apm/Sketchbook/trunk/ArduCopterMega/Log.pde:30: warning: no return statement in function returning non-void
/root/apm/Sketchbook/trunk/ArduCopterMega/Log.pde: In function 'int8_t select_logs(uint8_t, const Menu::arg*)':
/root/apm/Sketchbook/trunk/ArduCopterMega/Log.pde:164: warning: operation on 'bits' may be undefined
/root/apm/Sketchbook/trunk/ArduCopterMega/Log.pde: In function 'int8_t process_logs(uint8_t, const Menu::arg*)':
/root/apm/Sketchbook/trunk/ArduCopterMega/Log.pde:194: warning: no return statement in function returning non-void
/root/apm/Sketchbook/trunk/ArduCopterMega/Log.pde: In function 'void get_log_boundaries(byte, byte, int&, int&)':
/root/apm/Sketchbook/trunk/ArduCopterMega/Log.pde:312: warning: declaration of 'byte num_logs' shadows a parameter
/root/apm/Sketchbook/trunk/ArduCopterMega/Log.pde:284: warning: shadowed declaration is here
/root/apm/Sketchbook/trunk/ArduCopterMega/Log.pde: In function 'int find_last_log_page(int)':
/root/apm/Sketchbook/trunk/ArduCopterMega/Log.pde:354: warning: comparison between signed and unsigned integer expressions
/root/apm/Sketchbook/trunk/ArduCopterMega/commands_logic.pde: In function 'bool verify_nav_wp()':
/root/apm/Sketchbook/trunk/ArduCopterMega/commands_logic.pde:410: warning: comparison between signed and unsigned integer expressions
/root/apm/Sketchbook/trunk/ArduCopterMega/commands_logic.pde: In function 'bool verify_loiter_time()':
/root/apm/Sketchbook/trunk/ArduCopterMega/commands_logic.pde:438: warning: comparison between signed and unsigned integer expressions
/root/apm/Sketchbook/trunk/ArduCopterMega/commands_logic.pde: In function 'bool verify_wait_delay()':
/root/apm/Sketchbook/trunk/ArduCopterMega/commands_logic.pde:549: warning: comparison between signed and unsigned integer expressions
/root/apm/Sketchbook/trunk/ArduCopterMega/commands_logic.pde: In function 'bool verify_yaw()':
/root/apm/Sketchbook/trunk/ArduCopterMega/commands_logic.pde:589: warning: comparison between signed and unsigned integer expressions
/root/apm/Sketchbook/trunk/ArduCopterMega/events.pde: In function 'void update_events()':
/root/apm/Sketchbook/trunk/ArduCopterMega/events.pde:58: warning: comparison between signed and unsigned integer expressions
/root/apm/Sketchbook/trunk/ArduCopterMega/radio.pde: In function 'void throttle_failsafe(uint16_t)':
/root/apm/Sketchbook/trunk/ArduCopterMega/radio.pde:141: warning: comparison between signed and unsigned integer expressions
/root/apm/Sketchbook/trunk/ArduCopterMega/setup.pde: In function 'int8_t setup_mode(uint8_t, const Menu::arg*)':
/root/apm/Sketchbook/trunk/ArduCopterMega/setup.pde:71: warning: no return statement in function returning non-void
/root/apm/Sketchbook/trunk/ArduCopterMega/setup.pde: In function 'int8_t setup_declination(uint8_t, const Menu::arg*)':
/root/apm/Sketchbook/trunk/ArduCopterMega/setup.pde:355: warning: no return statement in function returning non-void
/root/apm/Sketchbook/trunk/ArduCopterMega/system.pde: In function 'void init_compass()':
/root/apm/Sketchbook/trunk/ArduCopterMega/system.pde:507: warning: unused variable 'junkbool'
/root/apm/Sketchbook/trunk/ArduCopterMega/test.pde: In function 'int8_t test_mode(uint8_t, const Menu::arg*)':
/root/apm/Sketchbook/trunk/ArduCopterMega/test.pde:86: warning: no return statement in function returning non-void
/root/apm/Sketchbook/trunk/ArduCopterMega/test.pde: In function 'int8_t test_mission(uint8_t, const Menu::arg*)':
/root/apm/Sketchbook/trunk/ArduCopterMega/test.pde:925: warning: declaration of 't' shadows a previous local
/root/apm/Sketchbook/trunk/ArduCopterMega/test.pde:913: warning: shadowed declaration is here
/root/apm/Sketchbook/trunk/ArduCopterMega/test.pde:929: warning: declaration of 't' shadows a previous local
/root/apm/Sketchbook/trunk/ArduCopterMega/test.pde:913: warning: shadowed declaration is here
/root/apm/Sketchbook/trunk/ArduCopterMega/test.pde:935: warning: declaration of 't' shadows a previous local
/root/apm/Sketchbook/trunk/ArduCopterMega/test.pde:913: warning: shadowed declaration is here
/root/apm/Sketchbook/trunk/ArduCopterMega/test.pde:938: warning: declaration of 't' shadows a previous local
/root/apm/Sketchbook/trunk/ArduCopterMega/test.pde:913: warning: shadowed declaration is here
/root/apm/Sketchbook/trunk/ArduCopterMega/test.pde:942: warning: declaration of 't' shadows a previous local
/root/apm/Sketchbook/trunk/ArduCopterMega/test.pde:913: warning: shadowed declaration is here
/root/apm/Sketchbook/trunk/ArduCopterMega/test.pde:948: warning: declaration of 't' shadows a previous local
/root/apm/Sketchbook/trunk/ArduCopterMega/test.pde:913: warning: shadowed declaration is here
/root/apm/Sketchbook/trunk/ArduCopterMega/test.pde:952: warning: declaration of 't' shadows a previous local
/root/apm/Sketchbook/trunk/ArduCopterMega/test.pde:913: warning: shadowed declaration is here
/root/apm/Sketchbook/trunk/ArduCopterMega/test.pde:956: warning: declaration of 't' shadows a previous local
/root/apm/Sketchbook/trunk/ArduCopterMega/test.pde:913: warning: shadowed declaration is here
/root/apm/Sketchbook/trunk/ArduCopterMega/test.pde:913: warning: unused variable 't'
/root/apm/Sketchbook/trunk/ArduCopterMega/test.pde:922: warning: unused variable 'alt_rel'
/root/apm/Sketchbook/trunk/ArduCopterMega/test.pde:967: warning: no return statement in function returning non-void
/root/apm/Sketchbook/trunk/ArduCopterMega/test.pde:967: warning: control reaches end of non-void function
/root/apm/Sketchbook/trunk/ArduCopterMega/setup.pde: In function 'int8_t setup_declination(uint8_t, const Menu::arg*)':
/root/apm/Sketchbook/trunk/ArduCopterMega/setup.pde:355: warning: control reaches end of non-void function
/root/apm/Sketchbook/trunk/ArduCopterMega/setup.pde: In function 'int8_t setup_mag_offset(uint8_t, const Menu::arg*)':
/root/apm/Sketchbook/trunk/ArduCopterMega/setup.pde:716: warning: control reaches end of non-void function
/root/apm/Sketchbook/trunk/ArduCopterMega/Log.pde: In function 'int8_t help_log(uint8_t, const Menu::arg*)':
/root/apm/Sketchbook/trunk/ArduCopterMega/Log.pde:30: warning: control reaches end of non-void function
/root/apm/Sketchbook/trunk/ArduCopterMega/test.pde: In function 'int8_t test_mode(uint8_t, const Menu::arg*)':
/root/apm/Sketchbook/trunk/ArduCopterMega/test.pde:86: warning: control reaches end of non-void function
/root/apm/Sketchbook/trunk/ArduCopterMega/setup.pde: In function 'int8_t setup_mode(uint8_t, const Menu::arg*)':
/root/apm/Sketchbook/trunk/ArduCopterMega/setup.pde:71: warning: control reaches end of non-void function
/root/apm/Sketchbook/trunk/ArduCopterMega/Log.pde: In function 'int8_t process_logs(uint8_t, const Menu::arg*)':
/root/apm/Sketchbook/trunk/ArduCopterMega/Log.pde:194: warning: control reaches end of non-void function
/root/apm/Sketchbook/trunk/ArduCopterMega/setup.pde: In function 'void zero_eeprom()':
/root/apm/Sketchbook/trunk/ArduCopterMega/setup.pde:1082: warning: 'b' may be used uninitialized in this function
/root/apm/Sketchbook/trunk/ArduCopterMega/sensors.pde: In function 'void init_barometer()':
/root/apm/Sketchbook/trunk/ArduCopterMega/sensors.pde:10: warning: 'flashcount' may be used uninitialized in this function
/root/apm/Sketchbook/trunk/ArduCopterMega/setup.pde: In function 'int8_t setup_flightmodes(uint8_t, const Menu::arg*)':
/root/apm/Sketchbook/trunk/ArduCopterMega/setup.pde:303: warning: 'mode' may be used uninitialized in this function
/root/apm/Sketchbook/trunk/ArduCopterMega/setup.pde:303: warning: '_oldSwitchPosition' may be used uninitialized in this function
/root/apm/Sketchbook/trunk/ArduCopterMega/GCS_Mavlink.pde: In member function 'void GCS_MAVLINK::handleMessage(mavlink_message_t*)':
/root/apm/Sketchbook/trunk/ArduCopterMega/GCS_Mavlink.pde:163: warning: 'tell_command.Location::p1' may be used uninitialized in this function
/root/apm/Sketchbook/trunk/ArduCopterMega/Log.pde: At global scope:
/root/apm/Sketchbook/trunk/ArduCopterMega/Log.pde:13: warning: 'int8_t print_log_menu(uint8_t, const Menu::arg*)' declared 'static' but never defined
%% libraries/APM_BMP085/APM_BMP085.o
%% libraries/APM_RC/APM_RC.o
%% libraries/AP_ADC/AP_ADC_ADS7844.o
%% libraries/AP_ADC/AP_ADC.o
%% libraries/AP_ADC/AP_ADC_HIL.o
%% libraries/AP_Common/AP_Common.o
%% libraries/AP_Common/AP_Loop.o
%% libraries/AP_Common/AP_MetaClass.o
%% libraries/AP_Common/AP_Var.o
%% libraries/AP_Common/AP_Var_menufuncs.o
%% libraries/AP_Common/c++.o
%% libraries/AP_Common/menu.o
%% libraries/AP_Compass/AP_Compass_HIL.o
%% libraries/AP_Compass/AP_Compass_HMC5843.o
%% libraries/AP_Compass/AP_Compass_HMC5883L.o
%% libraries/AP_Compass/Compass.o
%% libraries/AP_DCM/AP_DCM.o
In file included from /root/apm/Sketchbook/trunk/libraries/AP_DCM/AP_DCM.cpp:19:
/root/apm/Sketchbook/trunk/libraries/AP_DCM/AP_DCM.h: In constructor 'AP_DCM::AP_DCM(IMU*, GPS*&, Compass*)':
/root/apm/Sketchbook/trunk/libraries/AP_DCM/AP_DCM.h:116: warning: 'AP_DCM::_health' will be initialized after
/root/apm/Sketchbook/trunk/libraries/AP_DCM/AP_DCM.h:81: warning:   'float AP_DCM::_kp_roll_pitch'
/root/apm/Sketchbook/trunk/libraries/AP_DCM/AP_DCM.h:24: warning:   when initialized here
/root/apm/Sketchbook/trunk/libraries/AP_DCM/AP_DCM.cpp: In member function 'void AP_DCM::accel_adjust()':
/root/apm/Sketchbook/trunk/libraries/AP_DCM/AP_DCM.cpp:127: warning: unused variable 'vel'
/root/apm/Sketchbook/trunk/libraries/AP_DCM/AP_DCM.cpp: In member function 'Vector3f AP_DCM::renorm(const Vector3f&, int&)':
/root/apm/Sketchbook/trunk/libraries/AP_DCM/AP_DCM.cpp:190: warning: declaration of 'renorm' shadows a member of 'this'
%% libraries/AP_DCM/AP_DCM_HIL.o
%% libraries/AP_GPS/AP_GPS_406.o
%% libraries/AP_GPS/AP_GPS_Auto.o
%% libraries/AP_GPS/AP_GPS_HIL.o
%% libraries/AP_GPS/AP_GPS_IMU.o
%% libraries/AP_GPS/AP_GPS_MTK16.o
%% libraries/AP_GPS/AP_GPS_MTK.o
%% libraries/AP_GPS/AP_GPS_NMEA.o
%% libraries/AP_GPS/AP_GPS_SIRF.o
%% libraries/AP_GPS/AP_GPS_UBLOX.o
%% libraries/AP_GPS/GPS.o
%% libraries/AP_IMU/AP_IMU_Oilpan.o
%% libraries/AP_RangeFinder/AP_RangeFinder_MaxsonarLV.o
%% libraries/AP_RangeFinder/AP_RangeFinder_MaxsonarXL.o
%% libraries/AP_RangeFinder/AP_RangeFinder_SharpGP2Y.o
%% libraries/AP_RangeFinder/RangeFinder.o
%% libraries/DataFlash/DataFlash.o
%% libraries/FastSerial/BetterStream.o
%% libraries/FastSerial/FastSerial.o
%% libraries/FastSerial/vprintf.o
%% libraries/GCS_MAVLink/GCS_MAVLink.o
In file included from /root/apm/Sketchbook/trunk/libraries/GCS_MAVLink/include/ardupilotmega/ardupilotmega.h:14,
                 from /root/apm/Sketchbook/trunk/libraries/GCS_MAVLink/include/ardupilotmega/mavlink.h:9,
                 from /root/apm/Sketchbook/trunk/libraries/GCS_MAVLink/GCS_MAVLink.h:83,
                 from /root/apm/Sketchbook/trunk/libraries/GCS_MAVLink/GCS_MAVLink.cpp:6:
/root/apm/Sketchbook/trunk/libraries/GCS_MAVLink/include/ardupilotmega/../protocol.h: In function 'uint8_t put_bitfield_n_by_index(int32_t, uint8_t, uint8_t, uint8_t, uint8_t*, uint8_t*)':
/root/apm/Sketchbook/trunk/libraries/GCS_MAVLink/include/ardupilotmega/../protocol.h:808: warning: comparison between signed and unsigned integer expressions
%% libraries/PID/PID.o
In file included from /root/apm/Sketchbook/trunk/libraries/PID/PID.cpp:8:
/root/apm/Sketchbook/trunk/libraries/PID/PID.h: In member function 'void PID::operator()(float, float, float, int16_t)':
/root/apm/Sketchbook/trunk/libraries/PID/PID.h:110: warning: declaration of 'imax' shadows a member of 'this'
%% libraries/RC_Channel/RC_Channel.o
In file included from /root/apm/Sketchbook/trunk/libraries/RC_Channel/RC_Channel.cpp:15:
/root/apm/Sketchbook/trunk/libraries/RC_Channel/RC_Channel.h: In constructor 'RC_Channel::RC_Channel(uint16_t, const prog_char_t*)':
/root/apm/Sketchbook/trunk/libraries/RC_Channel/RC_Channel.h:102: warning: 'RC_Channel::_high' will be initialized after
/root/apm/Sketchbook/trunk/libraries/RC_Channel/RC_Channel.h:98: warning:   'bool RC_Channel::_filter'
/root/apm/Sketchbook/trunk/libraries/RC_Channel/RC_Channel.h:24: warning:   when initialized here
/root/apm/Sketchbook/trunk/libraries/RC_Channel/RC_Channel.h:99: warning: 'RC_Channel::_reverse' will be initialized after
/root/apm/Sketchbook/trunk/libraries/RC_Channel/RC_Channel.h:67: warning:   'int16_t RC_Channel::dead_zone'
/root/apm/Sketchbook/trunk/libraries/RC_Channel/RC_Channel.h:24: warning:   when initialized here
%% libraries/FastSerial/ftoa_engine.o
%% libraries/FastSerial/ultoa_invert.o
%% libraries/SPI/SPI.o
In file included from /usr/local/share/arduino/libraries/SPI/SPI.cpp:12:
/usr/local/share/arduino/libraries/SPI/SPI.h:25:1: warning: "SPI_CLOCK_DIV64" redefined
/usr/local/share/arduino/libraries/SPI/SPI.h:20:1: warning: this is the location of the previous definition
%% libraries/Wire/Wire.o
%% libraries/Wire/utility/twi.o
%% arduino/HardwareSerial.o
In file included from /usr/local/share/arduino/hardware/arduino/cores/arduino/wiring_private.h:30,
                 from /usr/local/share/arduino/hardware/arduino/cores/arduino/HardwareSerial.cpp:28:
/usr/lib/gcc/avr/4.3.5/../../../avr/include/avr/delay.h:36:2: warning: #warning "This file has been moved to <util/delay.h>."
%% arduino/main.o
%% arduino/Print.o
%% arduino/Tone.o
/usr/local/share/arduino/hardware/arduino/cores/arduino/Tone.cpp:93: warning: only initialized variables can be placed into program memory area
%% arduino/WMath.o
%% arduino/WString.o
In file included from /usr/local/share/arduino/hardware/arduino/cores/arduino/wiring_private.h:30,
                 from /usr/local/share/arduino/hardware/arduino/cores/arduino/pins_arduino.c:26:
/usr/lib/gcc/avr/4.3.5/../../../avr/include/avr/delay.h:36:2: warning: #warning "This file has been moved to <util/delay.h>."
/usr/local/share/arduino/hardware/arduino/cores/arduino/pins_arduino.c:84: warning: initialization makes integer from pointer without a cast
/usr/local/share/arduino/hardware/arduino/cores/arduino/pins_arduino.c:85: warning: initialization makes integer from pointer without a cast
/usr/local/share/arduino/hardware/arduino/cores/arduino/pins_arduino.c:86: warning: initialization makes integer from pointer without a cast
/usr/local/share/arduino/hardware/arduino/cores/arduino/pins_arduino.c:87: warning: initialization makes integer from pointer without a cast
/usr/local/share/arduino/hardware/arduino/cores/arduino/pins_arduino.c:88: warning: initialization makes integer from pointer without a cast
/usr/local/share/arduino/hardware/arduino/cores/arduino/pins_arduino.c:89: warning: initialization makes integer from pointer without a cast
/usr/local/share/arduino/hardware/arduino/cores/arduino/pins_arduino.c:90: warning: initialization makes integer from pointer without a cast
/usr/local/share/arduino/hardware/arduino/cores/arduino/pins_arduino.c:91: warning: initialization makes integer from pointer without a cast
/usr/local/share/arduino/hardware/arduino/cores/arduino/pins_arduino.c:93: warning: initialization makes integer from pointer without a cast
/usr/local/share/arduino/hardware/arduino/cores/arduino/pins_arduino.c:94: warning: initialization makes integer from pointer without a cast
/usr/local/share/arduino/hardware/arduino/cores/arduino/pins_arduino.c:95: warning: initialization makes integer from pointer without a cast
/usr/local/share/arduino/hardware/arduino/cores/arduino/pins_arduino.c:100: warning: initialization makes integer from pointer without a cast
/usr/local/share/arduino/hardware/arduino/cores/arduino/pins_arduino.c:101: warning: initialization makes integer from pointer without a cast
/usr/local/share/arduino/hardware/arduino/cores/arduino/pins_arduino.c:102: warning: initialization makes integer from pointer without a cast
/usr/local/share/arduino/hardware/arduino/cores/arduino/pins_arduino.c:103: warning: initialization makes integer from pointer without a cast
/usr/local/share/arduino/hardware/arduino/cores/arduino/pins_arduino.c:104: warning: initialization makes integer from pointer without a cast
/usr/local/share/arduino/hardware/arduino/cores/arduino/pins_arduino.c:105: warning: initialization makes integer from pointer without a cast
/usr/local/share/arduino/hardware/arduino/cores/arduino/pins_arduino.c:106: warning: initialization makes integer from pointer without a cast
/usr/local/share/arduino/hardware/arduino/cores/arduino/pins_arduino.c:107: warning: initialization makes integer from pointer without a cast
/usr/local/share/arduino/hardware/arduino/cores/arduino/pins_arduino.c:109: warning: initialization makes integer from pointer without a cast
/usr/local/share/arduino/hardware/arduino/cores/arduino/pins_arduino.c:110: warning: initialization makes integer from pointer without a cast
/usr/local/share/arduino/hardware/arduino/cores/arduino/pins_arduino.c:111: warning: initialization makes integer from pointer without a cast
/usr/local/share/arduino/hardware/arduino/cores/arduino/pins_arduino.c:116: warning: initialization makes integer from pointer without a cast
/usr/local/share/arduino/hardware/arduino/cores/arduino/pins_arduino.c:117: warning: initialization makes integer from pointer without a cast
/usr/local/share/arduino/hardware/arduino/cores/arduino/pins_arduino.c:118: warning: initialization makes integer from pointer without a cast
/usr/local/share/arduino/hardware/arduino/cores/arduino/pins_arduino.c:119: warning: initialization makes integer from pointer without a cast
/usr/local/share/arduino/hardware/arduino/cores/arduino/pins_arduino.c:120: warning: initialization makes integer from pointer without a cast
/usr/local/share/arduino/hardware/arduino/cores/arduino/pins_arduino.c:121: warning: initialization makes integer from pointer without a cast
/usr/local/share/arduino/hardware/arduino/cores/arduino/pins_arduino.c:122: warning: initialization makes integer from pointer without a cast
/usr/local/share/arduino/hardware/arduino/cores/arduino/pins_arduino.c:123: warning: initialization makes integer from pointer without a cast
/usr/local/share/arduino/hardware/arduino/cores/arduino/pins_arduino.c:125: warning: initialization makes integer from pointer without a cast
/usr/local/share/arduino/hardware/arduino/cores/arduino/pins_arduino.c:126: warning: initialization makes integer from pointer without a cast
/usr/local/share/arduino/hardware/arduino/cores/arduino/pins_arduino.c:127: warning: initialization makes integer from pointer without a cast
In file included from /usr/local/share/arduino/hardware/arduino/cores/arduino/wiring_private.h:30,
                 from /usr/local/share/arduino/hardware/arduino/cores/arduino/WInterrupts.c:34:
/usr/lib/gcc/avr/4.3.5/../../../avr/include/avr/delay.h:36:2: warning: #warning "This file has been moved to <util/delay.h>."
In file included from /usr/local/share/arduino/hardware/arduino/cores/arduino/wiring_private.h:30,
                 from /usr/local/share/arduino/hardware/arduino/cores/arduino/wiring_analog.c:27:
/usr/lib/gcc/avr/4.3.5/../../../avr/include/avr/delay.h:36:2: warning: #warning "This file has been moved to <util/delay.h>."
In file included from /usr/local/share/arduino/hardware/arduino/cores/arduino/wiring_private.h:30,
                 from /usr/local/share/arduino/hardware/arduino/cores/arduino/wiring.c:25:
/usr/lib/gcc/avr/4.3.5/../../../avr/include/avr/delay.h:36:2: warning: #warning "This file has been moved to <util/delay.h>."
In file included from /usr/local/share/arduino/hardware/arduino/cores/arduino/wiring_private.h:30,
                 from /usr/local/share/arduino/hardware/arduino/cores/arduino/wiring_digital.c:27:
/usr/lib/gcc/avr/4.3.5/../../../avr/include/avr/delay.h:36:2: warning: #warning "This file has been moved to <util/delay.h>."
In file included from /usr/local/share/arduino/hardware/arduino/cores/arduino/wiring_private.h:30,
                 from /usr/local/share/arduino/hardware/arduino/cores/arduino/wiring_pulse.c:25:
/usr/lib/gcc/avr/4.3.5/../../../avr/include/avr/delay.h:36:2: warning: #warning "This file has been moved to <util/delay.h>."
In file included from /usr/local/share/arduino/hardware/arduino/cores/arduino/wiring_private.h:30,
                 from /usr/local/share/arduino/hardware/arduino/cores/arduino/wiring_shift.c:25:
/usr/lib/gcc/avr/4.3.5/../../../avr/include/avr/delay.h:36:2: warning: #warning "This file has been moved to <util/delay.h>."
%% arduino/core.a
%% ArduCopterMega.elf
%% ArduCopterMega.eep
%% ArduCopterMega.hex
make[1]: Leaving directory `/root/apm/Sketchbook/trunk/ArduCopterMega'

%%%% Making all in ArduPilotMega/ %%%%

make[1]: Entering directory `/root/apm/Sketchbook/trunk/ArduPilotMega'
%% ArduPilotMega.cpp
%% ArduPilotMega.o
In file included from /root/apm/Sketchbook/trunk/ArduPilotMega/ArduPilotMega.pde:38:
/root/apm/Sketchbook/trunk/libraries/AP_DCM/AP_DCM.h: In constructor 'AP_DCM::AP_DCM(IMU*, GPS*&, Compass*)':
/root/apm/Sketchbook/trunk/libraries/AP_DCM/AP_DCM.h:116: warning: 'AP_DCM::_health' will be initialized after
/root/apm/Sketchbook/trunk/libraries/AP_DCM/AP_DCM.h:81: warning:   'float AP_DCM::_kp_roll_pitch'
/root/apm/Sketchbook/trunk/libraries/AP_DCM/AP_DCM.h:24: warning:   when initialized here
In file included from /root/apm/Sketchbook/trunk/ArduPilotMega/ArduPilotMega.pde:39:
/root/apm/Sketchbook/trunk/libraries/PID/PID.h: In member function 'void PID::operator()(float, float, float, int16_t)':
/root/apm/Sketchbook/trunk/libraries/PID/PID.h:110: warning: declaration of 'imax' shadows a member of 'this'
In file included from /root/apm/Sketchbook/trunk/ArduPilotMega/ArduPilotMega.pde:40:
/root/apm/Sketchbook/trunk/libraries/RC_Channel/RC_Channel.h: In constructor 'RC_Channel::RC_Channel(uint16_t, const prog_char_t*)':
/root/apm/Sketchbook/trunk/libraries/RC_Channel/RC_Channel.h:102: warning: 'RC_Channel::_high' will be initialized after
/root/apm/Sketchbook/trunk/libraries/RC_Channel/RC_Channel.h:98: warning:   'bool RC_Channel::_filter'
/root/apm/Sketchbook/trunk/libraries/RC_Channel/RC_Channel.h:24: warning:   when initialized here
/root/apm/Sketchbook/trunk/libraries/RC_Channel/RC_Channel.h:99: warning: 'RC_Channel::_reverse' will be initialized after
/root/apm/Sketchbook/trunk/libraries/RC_Channel/RC_Channel.h:67: warning:   'int16_t RC_Channel::dead_zone'
/root/apm/Sketchbook/trunk/libraries/RC_Channel/RC_Channel.h:24: warning:   when initialized here
In file included from /root/apm/Sketchbook/trunk/libraries/GCS_MAVLink/include/ardupilotmega/ardupilotmega.h:14,
                 from /root/apm/Sketchbook/trunk/libraries/GCS_MAVLink/include/ardupilotmega/mavlink.h:9,
                 from /root/apm/Sketchbook/trunk/libraries/GCS_MAVLink/GCS_MAVLink.h:83,
                 from /root/apm/Sketchbook/trunk/ArduPilotMega/ArduPilotMega.pde:44:
/root/apm/Sketchbook/trunk/libraries/GCS_MAVLink/include/ardupilotmega/../protocol.h: In function 'uint8_t put_bitfield_n_by_index(int32_t, uint8_t, uint8_t, uint8_t, uint8_t*, uint8_t*)':
/root/apm/Sketchbook/trunk/libraries/GCS_MAVLink/include/ardupilotmega/../protocol.h:808: warning: comparison between signed and unsigned integer expressions
/root/apm/Sketchbook/trunk/ArduPilotMega/ArduPilotMega.pde: In function 'void fast_loop()':
/root/apm/Sketchbook/trunk/ArduPilotMega/ArduPilotMega.pde:495: warning: logical '&&' with non-zero constant will always evaluate as true
/root/apm/Sketchbook/trunk/ArduPilotMega/Attitude.pde: In function 'void stabilize()':
/root/apm/Sketchbook/trunk/ArduPilotMega/Attitude.pde:9: warning: unused variable 'temp'
/root/apm/Sketchbook/trunk/ArduPilotMega/GCS_Mavlink.pde: In member function 'void GCS_MAVLINK::handleMessage(mavlink_message_t*)':
/root/apm/Sketchbook/trunk/ArduPilotMega/GCS_Mavlink.pde:442: warning: comparison between signed and unsigned integer expressions
/root/apm/Sketchbook/trunk/ArduPilotMega/GCS_Mavlink.pde:516: warning: unused variable 'type'
/root/apm/Sketchbook/trunk/ArduPilotMega/GCS_Mavlink.pde:717: warning: comparison between signed and unsigned integer expressions
/root/apm/Sketchbook/trunk/ArduPilotMega/GCS_Mavlink.pde:606: warning: unused variable 'loadAction'
/root/apm/Sketchbook/trunk/ArduPilotMega/GCS_Mavlink.pde: In member function 'void GCS_MAVLINK::_queued_send()':
/root/apm/Sketchbook/trunk/ArduPilotMega/GCS_Mavlink.pde:979: warning: comparison between signed and unsigned integer expressions
/root/apm/Sketchbook/trunk/ArduPilotMega/GCS_Mavlink.pde:1012: warning: comparison between signed and unsigned integer expressions
/root/apm/Sketchbook/trunk/ArduPilotMega/GCS_Mavlink.pde:1013: warning: comparison between signed and unsigned integer expressions
/root/apm/Sketchbook/trunk/ArduPilotMega/Log.pde: In function 'int8_t help_log(uint8_t, const Menu::arg*)':
/root/apm/Sketchbook/trunk/ArduPilotMega/Log.pde:30: warning: no return statement in function returning non-void
/root/apm/Sketchbook/trunk/ArduPilotMega/Log.pde: In function 'int8_t erase_logs(uint8_t, const Menu::arg*)':
/root/apm/Sketchbook/trunk/ArduPilotMega/Log.pde:136: warning: no return statement in function returning non-void
/root/apm/Sketchbook/trunk/ArduPilotMega/Log.pde: In function 'int8_t select_logs(uint8_t, const Menu::arg*)':
/root/apm/Sketchbook/trunk/ArduPilotMega/Log.pde:157: warning: operation on 'bits' may be undefined
/root/apm/Sketchbook/trunk/ArduPilotMega/Log.pde: In function 'int8_t process_logs(uint8_t, const Menu::arg*)':
/root/apm/Sketchbook/trunk/ArduPilotMega/Log.pde:185: warning: no return statement in function returning non-void
/root/apm/Sketchbook/trunk/ArduPilotMega/Log.pde: In function 'void get_log_boundaries(byte, byte, int&, int&)':
/root/apm/Sketchbook/trunk/ArduPilotMega/Log.pde:285: warning: declaration of 'byte num_logs' shadows a parameter
/root/apm/Sketchbook/trunk/ArduPilotMega/Log.pde:262: warning: shadowed declaration is here
/root/apm/Sketchbook/trunk/ArduPilotMega/Log.pde: In function 'int find_last_log_page(int)':
/root/apm/Sketchbook/trunk/ArduPilotMega/Log.pde:314: warning: comparison between signed and unsigned integer expressions
/root/apm/Sketchbook/trunk/ArduPilotMega/climb_rate.pde: In function 'void add_altitude_data(long unsigned int, long int)':
/root/apm/Sketchbook/trunk/ArduPilotMega/climb_rate.pde:21: warning: unused variable 'i'
/root/apm/Sketchbook/trunk/ArduPilotMega/climb_rate.pde:22: warning: unused variable 'dx'
/root/apm/Sketchbook/trunk/ArduPilotMega/commands_logic.pde: In function 'bool verify_loiter_time()':
/root/apm/Sketchbook/trunk/ArduPilotMega/commands_logic.pde:358: warning: comparison between signed and unsigned integer expressions
/root/apm/Sketchbook/trunk/ArduPilotMega/commands_logic.pde: In function 'bool verify_wait_delay()':
/root/apm/Sketchbook/trunk/ArduPilotMega/commands_logic.pde:418: warning: comparison between signed and unsigned integer expressions
/root/apm/Sketchbook/trunk/ArduPilotMega/commands_process.pde: In function 'void change_command(uint8_t)':
/root/apm/Sketchbook/trunk/ArduPilotMega/commands_process.pde:5: warning: declaration of 'index' shadows a global declaration
/root/apm/Sketchbook/trunk/ArduPilotMega/climb_rate.pde:7: warning: shadowed declaration is here
/root/apm/Sketchbook/trunk/ArduPilotMega/planner.pde: In function 'int8_t planner_mode(uint8_t, const Menu::arg*)':
/root/apm/Sketchbook/trunk/ArduPilotMega/planner.pde:23: warning: no return statement in function returning non-void
/root/apm/Sketchbook/trunk/ArduPilotMega/planner.pde: In function 'int8_t planner_gcs(uint8_t, const Menu::arg*)':
/root/apm/Sketchbook/trunk/ArduPilotMega/planner.pde:47: warning: no return statement in function returning non-void
/root/apm/Sketchbook/trunk/ArduPilotMega/radio.pde: In function 'void control_failsafe(uint16_t)':
/root/apm/Sketchbook/trunk/ArduPilotMega/radio.pde:124: warning: comparison between signed and unsigned integer expressions
/root/apm/Sketchbook/trunk/ArduPilotMega/setup.pde: In function 'int8_t setup_mode(uint8_t, const Menu::arg*)':
/root/apm/Sketchbook/trunk/ArduPilotMega/setup.pde:44: warning: no return statement in function returning non-void
/root/apm/Sketchbook/trunk/ArduPilotMega/setup.pde: In function 'int8_t setup_show(uint8_t, const Menu::arg*)':
/root/apm/Sketchbook/trunk/ArduPilotMega/setup.pde:51: warning: unused variable 'i'
/root/apm/Sketchbook/trunk/ArduPilotMega/setup.pde: In function 'int8_t setup_factory(uint8_t, const Menu::arg*)':
/root/apm/Sketchbook/trunk/ArduPilotMega/setup.pde:77: warning: unused variable 'i'
/root/apm/Sketchbook/trunk/ArduPilotMega/setup.pde: In function 'int8_t setup_flightmodes(uint8_t, const Menu::arg*)':
/root/apm/Sketchbook/trunk/ArduPilotMega/setup.pde:188: warning: declaration of 'oldSwitchPosition' shadows a global declaration
/root/apm/Sketchbook/trunk/ArduPilotMega/ArduPilotMega.pde:199: warning: shadowed declaration is here
/root/apm/Sketchbook/trunk/ArduPilotMega/setup.pde: In function 'int8_t setup_declination(uint8_t, const Menu::arg*)':
/root/apm/Sketchbook/trunk/ArduPilotMega/setup.pde:270: warning: no return statement in function returning non-void
/root/apm/Sketchbook/trunk/ArduPilotMega/setup.pde: In function 'int8_t setup_erase(uint8_t, const Menu::arg*)':
/root/apm/Sketchbook/trunk/ArduPilotMega/setup.pde:276: warning: unused variable 'i'
/root/apm/Sketchbook/trunk/ArduPilotMega/setup.pde: In function 'int8_t setup_compass(uint8_t, const Menu::arg*)':
/root/apm/Sketchbook/trunk/ArduPilotMega/setup.pde:296: warning: unused variable 'junkbool'
/root/apm/Sketchbook/trunk/ArduPilotMega/system.pde: In function 'void init_ardupilot()':
/root/apm/Sketchbook/trunk/ArduPilotMega/system.pde:148: warning: unused variable 'junkbool'
/root/apm/Sketchbook/trunk/ArduPilotMega/system.pde: In function 'void startup_IMU_ground()':
/root/apm/Sketchbook/trunk/ArduPilotMega/system.pde:444: warning: unused variable 'store'
/root/apm/Sketchbook/trunk/ArduPilotMega/test.pde: In function 'int8_t test_mode(uint8_t, const Menu::arg*)':
/root/apm/Sketchbook/trunk/ArduPilotMega/test.pde:72: warning: no return statement in function returning non-void
/root/apm/Sketchbook/trunk/ArduPilotMega/test.pde: In function 'void test_wp_print(Location*, byte)':
/root/apm/Sketchbook/trunk/ArduPilotMega/test.pde:319: warning: declaration of 'index' shadows a global declaration
/root/apm/Sketchbook/trunk/ArduPilotMega/climb_rate.pde:7: warning: shadowed declaration is here
/root/apm/Sketchbook/trunk/libraries/FastSerial/../AP_Common/AP_Var.h: In constructor 'AP_VarT<T>::AP_VarT(AP_Var_group*, uint16_t, T, const prog_char_t*, uint8_t) [with T = float]':
/root/apm/Sketchbook/trunk/libraries/FastSerial/../AP_Common/AP_Var.h:870:   instantiated from here
/root/apm/Sketchbook/trunk/libraries/FastSerial/../AP_Common/AP_Var.h:518: warning: declaration of 'index' shadows a global declaration
/root/apm/Sketchbook/trunk/ArduPilotMega/climb_rate.pde:7: warning: shadowed declaration is here
/root/apm/Sketchbook/trunk/libraries/FastSerial/../AP_Common/AP_Var.h: In constructor 'AP_VarT<T>::AP_VarT(AP_Var_group*, uint16_t, T, const prog_char_t*, uint8_t) [with T = int]':
/root/apm/Sketchbook/trunk/libraries/PID/PID.h:43:   instantiated from here
/root/apm/Sketchbook/trunk/libraries/FastSerial/../AP_Common/AP_Var.h:518: warning: declaration of 'index' shadows a global declaration
/root/apm/Sketchbook/trunk/ArduPilotMega/climb_rate.pde:7: warning: shadowed declaration is here
/root/apm/Sketchbook/trunk/libraries/FastSerial/../AP_Common/AP_Var.h: In constructor 'AP_VarT<T>::AP_VarT(AP_Var_group*, uint16_t, T, const prog_char_t*, uint8_t) [with T = signed char]':
/root/apm/Sketchbook/trunk/libraries/RC_Channel/RC_Channel.h:33:   instantiated from here
/root/apm/Sketchbook/trunk/libraries/FastSerial/../AP_Common/AP_Var.h:518: warning: declaration of 'index' shadows a global declaration
/root/apm/Sketchbook/trunk/ArduPilotMega/climb_rate.pde:7: warning: shadowed declaration is here
/root/apm/Sketchbook/trunk/ArduPilotMega/setup.pde: In function 'int8_t setup_declination(uint8_t, const Menu::arg*)':
/root/apm/Sketchbook/trunk/ArduPilotMega/setup.pde:270: warning: control reaches end of non-void function
/root/apm/Sketchbook/trunk/ArduPilotMega/Log.pde: In function 'int8_t help_log(uint8_t, const Menu::arg*)':
/root/apm/Sketchbook/trunk/ArduPilotMega/Log.pde:30: warning: control reaches end of non-void function
/root/apm/Sketchbook/trunk/ArduPilotMega/Log.pde: In function 'int8_t erase_logs(uint8_t, const Menu::arg*)':
/root/apm/Sketchbook/trunk/ArduPilotMega/Log.pde:136: warning: control reaches end of non-void function
/root/apm/Sketchbook/trunk/ArduPilotMega/Log.pde: In function 'int8_t dump_log(uint8_t, const Menu::arg*)':
/root/apm/Sketchbook/trunk/ArduPilotMega/Log.pde:116: warning: control reaches end of non-void function
/root/apm/Sketchbook/trunk/ArduPilotMega/test.pde: In function 'int8_t test_mode(uint8_t, const Menu::arg*)':
/root/apm/Sketchbook/trunk/ArduPilotMega/test.pde:72: warning: control reaches end of non-void function
/root/apm/Sketchbook/trunk/ArduPilotMega/setup.pde: In function 'int8_t setup_mode(uint8_t, const Menu::arg*)':
/root/apm/Sketchbook/trunk/ArduPilotMega/setup.pde:44: warning: control reaches end of non-void function
/root/apm/Sketchbook/trunk/ArduPilotMega/planner.pde: In function 'int8_t planner_mode(uint8_t, const Menu::arg*)':
/root/apm/Sketchbook/trunk/ArduPilotMega/planner.pde:23: warning: control reaches end of non-void function
/root/apm/Sketchbook/trunk/ArduPilotMega/commands_logic.pde: In function 'bool verify_may()':
/root/apm/Sketchbook/trunk/ArduPilotMega/commands_logic.pde:201: warning: control reaches end of non-void function
/root/apm/Sketchbook/trunk/ArduPilotMega/Log.pde: In function 'int8_t process_logs(uint8_t, const Menu::arg*)':
/root/apm/Sketchbook/trunk/ArduPilotMega/Log.pde:185: warning: control reaches end of non-void function
/root/apm/Sketchbook/trunk/ArduPilotMega/setup.pde: In function 'void zero_eeprom()':
/root/apm/Sketchbook/trunk/ArduPilotMega/setup.pde:589: warning: 'b' may be used uninitialized in this function
/root/apm/Sketchbook/trunk/ArduPilotMega/Attitude.pde: In function 'int readOutputCh(unsigned char)':
/root/apm/Sketchbook/trunk/ArduPilotMega/Attitude.pde:318: warning: 'pwm' may be used uninitialized in this function
/root/apm/Sketchbook/trunk/ArduPilotMega/sensors.pde: In function 'void init_barometer()':
/root/apm/Sketchbook/trunk/ArduPilotMega/sensors.pde:10: warning: 'flashcount' may be used uninitialized in this function
/root/apm/Sketchbook/trunk/ArduPilotMega/setup.pde: In function 'int8_t setup_flightmodes(uint8_t, const Menu::arg*)':
/root/apm/Sketchbook/trunk/ArduPilotMega/setup.pde:188: warning: 'oldSwitchPosition' may be used uninitialized in this function
/root/apm/Sketchbook/trunk/ArduPilotMega/setup.pde:188: warning: 'mode' may be used uninitialized in this function
/root/apm/Sketchbook/trunk/ArduPilotMega/GCS_Mavlink.pde: In member function 'void GCS_MAVLINK::handleMessage(mavlink_message_t*)':
/root/apm/Sketchbook/trunk/ArduPilotMega/GCS_Mavlink.pde:161: warning: 'tell_command.Location::options' may be used uninitialized in this function
/root/apm/Sketchbook/trunk/ArduPilotMega/GCS_Mavlink.pde:161: warning: 'tell_command.Location::lat' may be used uninitialized in this function
/root/apm/Sketchbook/trunk/ArduPilotMega/GCS_Mavlink.pde:161: warning: 'tell_command.Location::lng' may be used uninitialized in this function
/root/apm/Sketchbook/trunk/ArduPilotMega/GCS_Mavlink.pde:161: warning: 'tell_command.Location::alt' may be used uninitialized in this function
/root/apm/Sketchbook/trunk/ArduPilotMega/GCS_Mavlink.pde:161: warning: 'tell_command.Location::p1' may be used uninitialized in this function
/root/apm/Sketchbook/trunk/ArduPilotMega/Log.pde: At global scope:
/root/apm/Sketchbook/trunk/ArduPilotMega/Log.pde:13: warning: 'int8_t print_log_menu(uint8_t, const Menu::arg*)' declared 'static' but never defined
%% libraries/APM_BMP085/APM_BMP085.o
%% libraries/APM_RC/APM_RC.o
%% libraries/AP_ADC/AP_ADC_ADS7844.o
%% libraries/AP_ADC/AP_ADC.o
%% libraries/AP_ADC/AP_ADC_HIL.o
%% libraries/AP_Common/AP_Common.o
%% libraries/AP_Common/AP_Loop.o
%% libraries/AP_Common/AP_MetaClass.o
%% libraries/AP_Common/AP_Var.o
%% libraries/AP_Common/AP_Var_menufuncs.o
%% libraries/AP_Common/c++.o
%% libraries/AP_Common/menu.o
%% libraries/AP_Compass/AP_Compass_HIL.o
%% libraries/AP_Compass/AP_Compass_HMC5843.o
%% libraries/AP_Compass/AP_Compass_HMC5883L.o
%% libraries/AP_Compass/Compass.o
%% libraries/AP_DCM/AP_DCM.o
In file included from /root/apm/Sketchbook/trunk/libraries/AP_DCM/AP_DCM.cpp:19:
/root/apm/Sketchbook/trunk/libraries/AP_DCM/AP_DCM.h: In constructor 'AP_DCM::AP_DCM(IMU*, GPS*&, Compass*)':
/root/apm/Sketchbook/trunk/libraries/AP_DCM/AP_DCM.h:116: warning: 'AP_DCM::_health' will be initialized after
/root/apm/Sketchbook/trunk/libraries/AP_DCM/AP_DCM.h:81: warning:   'float AP_DCM::_kp_roll_pitch'
/root/apm/Sketchbook/trunk/libraries/AP_DCM/AP_DCM.h:24: warning:   when initialized here
/root/apm/Sketchbook/trunk/libraries/AP_DCM/AP_DCM.cpp: In member function 'void AP_DCM::accel_adjust()':
/root/apm/Sketchbook/trunk/libraries/AP_DCM/AP_DCM.cpp:127: warning: unused variable 'vel'
/root/apm/Sketchbook/trunk/libraries/AP_DCM/AP_DCM.cpp: In member function 'Vector3f AP_DCM::renorm(const Vector3f&, int&)':
/root/apm/Sketchbook/trunk/libraries/AP_DCM/AP_DCM.cpp:190: warning: declaration of 'renorm' shadows a member of 'this'
%% libraries/AP_DCM/AP_DCM_HIL.o
%% libraries/AP_GPS/AP_GPS_406.o
%% libraries/AP_GPS/AP_GPS_Auto.o
%% libraries/AP_GPS/AP_GPS_HIL.o
%% libraries/AP_GPS/AP_GPS_IMU.o
%% libraries/AP_GPS/AP_GPS_MTK16.o
%% libraries/AP_GPS/AP_GPS_MTK.o
%% libraries/AP_GPS/AP_GPS_NMEA.o
%% libraries/AP_GPS/AP_GPS_SIRF.o
%% libraries/AP_GPS/AP_GPS_UBLOX.o
%% libraries/AP_GPS/GPS.o
%% libraries/AP_IMU/AP_IMU_Oilpan.o
%% libraries/DataFlash/DataFlash.o
%% libraries/FastSerial/BetterStream.o
%% libraries/FastSerial/FastSerial.o
%% libraries/FastSerial/vprintf.o
%% libraries/GCS_MAVLink/GCS_MAVLink.o
In file included from /root/apm/Sketchbook/trunk/libraries/GCS_MAVLink/include/ardupilotmega/ardupilotmega.h:14,
                 from /root/apm/Sketchbook/trunk/libraries/GCS_MAVLink/include/ardupilotmega/mavlink.h:9,
                 from /root/apm/Sketchbook/trunk/libraries/GCS_MAVLink/GCS_MAVLink.h:83,
                 from /root/apm/Sketchbook/trunk/libraries/GCS_MAVLink/GCS_MAVLink.cpp:6:
/root/apm/Sketchbook/trunk/libraries/GCS_MAVLink/include/ardupilotmega/../protocol.h: In function 'uint8_t put_bitfield_n_by_index(int32_t, uint8_t, uint8_t, uint8_t, uint8_t*, uint8_t*)':
/root/apm/Sketchbook/trunk/libraries/GCS_MAVLink/include/ardupilotmega/../protocol.h:808: warning: comparison between signed and unsigned integer expressions
%% libraries/PID/PID.o
In file included from /root/apm/Sketchbook/trunk/libraries/PID/PID.cpp:8:
/root/apm/Sketchbook/trunk/libraries/PID/PID.h: In member function 'void PID::operator()(float, float, float, int16_t)':
/root/apm/Sketchbook/trunk/libraries/PID/PID.h:110: warning: declaration of 'imax' shadows a member of 'this'
%% libraries/RC_Channel/RC_Channel.o
In file included from /root/apm/Sketchbook/trunk/libraries/RC_Channel/RC_Channel.cpp:15:
/root/apm/Sketchbook/trunk/libraries/RC_Channel/RC_Channel.h: In constructor 'RC_Channel::RC_Channel(uint16_t, const prog_char_t*)':
/root/apm/Sketchbook/trunk/libraries/RC_Channel/RC_Channel.h:102: warning: 'RC_Channel::_high' will be initialized after
/root/apm/Sketchbook/trunk/libraries/RC_Channel/RC_Channel.h:98: warning:   'bool RC_Channel::_filter'
/root/apm/Sketchbook/trunk/libraries/RC_Channel/RC_Channel.h:24: warning:   when initialized here
/root/apm/Sketchbook/trunk/libraries/RC_Channel/RC_Channel.h:99: warning: 'RC_Channel::_reverse' will be initialized after
/root/apm/Sketchbook/trunk/libraries/RC_Channel/RC_Channel.h:67: warning:   'int16_t RC_Channel::dead_zone'
/root/apm/Sketchbook/trunk/libraries/RC_Channel/RC_Channel.h:24: warning:   when initialized here
%% libraries/FastSerial/ftoa_engine.o
%% libraries/FastSerial/ultoa_invert.o
%% libraries/Wire/Wire.o
%% libraries/Wire/utility/twi.o
%% arduino/HardwareSerial.o
In file included from /usr/local/share/arduino/hardware/arduino/cores/arduino/wiring_private.h:30,
                 from /usr/local/share/arduino/hardware/arduino/cores/arduino/HardwareSerial.cpp:28:
/usr/lib/gcc/avr/4.3.5/../../../avr/include/avr/delay.h:36:2: warning: #warning "This file has been moved to <util/delay.h>."
%% arduino/main.o
%% arduino/Print.o
%% arduino/Tone.o
/usr/local/share/arduino/hardware/arduino/cores/arduino/Tone.cpp:93: warning: only initialized variables can be placed into program memory area
%% arduino/WMath.o
%% arduino/WString.o
In file included from /usr/local/share/arduino/hardware/arduino/cores/arduino/wiring_private.h:30,
                 from /usr/local/share/arduino/hardware/arduino/cores/arduino/pins_arduino.c:26:
/usr/lib/gcc/avr/4.3.5/../../../avr/include/avr/delay.h:36:2: warning: #warning "This file has been moved to <util/delay.h>."
/usr/local/share/arduino/hardware/arduino/cores/arduino/pins_arduino.c:84: warning: initialization makes integer from pointer without a cast
/usr/local/share/arduino/hardware/arduino/cores/arduino/pins_arduino.c:85: warning: initialization makes integer from pointer without a cast
/usr/local/share/arduino/hardware/arduino/cores/arduino/pins_arduino.c:86: warning: initialization makes integer from pointer without a cast
/usr/local/share/arduino/hardware/arduino/cores/arduino/pins_arduino.c:87: warning: initialization makes integer from pointer without a cast
/usr/local/share/arduino/hardware/arduino/cores/arduino/pins_arduino.c:88: warning: initialization makes integer from pointer without a cast
/usr/local/share/arduino/hardware/arduino/cores/arduino/pins_arduino.c:89: warning: initialization makes integer from pointer without a cast
/usr/local/share/arduino/hardware/arduino/cores/arduino/pins_arduino.c:90: warning: initialization makes integer from pointer without a cast
/usr/local/share/arduino/hardware/arduino/cores/arduino/pins_arduino.c:91: warning: initialization makes integer from pointer without a cast
/usr/local/share/arduino/hardware/arduino/cores/arduino/pins_arduino.c:93: warning: initialization makes integer from pointer without a cast
/usr/local/share/arduino/hardware/arduino/cores/arduino/pins_arduino.c:94: warning: initialization makes integer from pointer without a cast
/usr/local/share/arduino/hardware/arduino/cores/arduino/pins_arduino.c:95: warning: initialization makes integer from pointer without a cast
/usr/local/share/arduino/hardware/arduino/cores/arduino/pins_arduino.c:100: warning: initialization makes integer from pointer without a cast
/usr/local/share/arduino/hardware/arduino/cores/arduino/pins_arduino.c:101: warning: initialization makes integer from pointer without a cast
/usr/local/share/arduino/hardware/arduino/cores/arduino/pins_arduino.c:102: warning: initialization makes integer from pointer without a cast
/usr/local/share/arduino/hardware/arduino/cores/arduino/pins_arduino.c:103: warning: initialization makes integer from pointer without a cast
/usr/local/share/arduino/hardware/arduino/cores/arduino/pins_arduino.c:104: warning: initialization makes integer from pointer without a cast
/usr/local/share/arduino/hardware/arduino/cores/arduino/pins_arduino.c:105: warning: initialization makes integer from pointer without a cast
/usr/local/share/arduino/hardware/arduino/cores/arduino/pins_arduino.c:106: warning: initialization makes integer from pointer without a cast
/usr/local/share/arduino/hardware/arduino/cores/arduino/pins_arduino.c:107: warning: initialization makes integer from pointer without a cast
/usr/local/share/arduino/hardware/arduino/cores/arduino/pins_arduino.c:109: warning: initialization makes integer from pointer without a cast
/usr/local/share/arduino/hardware/arduino/cores/arduino/pins_arduino.c:110: warning: initialization makes integer from pointer without a cast
/usr/local/share/arduino/hardware/arduino/cores/arduino/pins_arduino.c:111: warning: initialization makes integer from pointer without a cast
/usr/local/share/arduino/hardware/arduino/cores/arduino/pins_arduino.c:116: warning: initialization makes integer from pointer without a cast
/usr/local/share/arduino/hardware/arduino/cores/arduino/pins_arduino.c:117: warning: initialization makes integer from pointer without a cast
/usr/local/share/arduino/hardware/arduino/cores/arduino/pins_arduino.c:118: warning: initialization makes integer from pointer without a cast
/usr/local/share/arduino/hardware/arduino/cores/arduino/pins_arduino.c:119: warning: initialization makes integer from pointer without a cast
/usr/local/share/arduino/hardware/arduino/cores/arduino/pins_arduino.c:120: warning: initialization makes integer from pointer without a cast
/usr/local/share/arduino/hardware/arduino/cores/arduino/pins_arduino.c:121: warning: initialization makes integer from pointer without a cast
/usr/local/share/arduino/hardware/arduino/cores/arduino/pins_arduino.c:122: warning: initialization makes integer from pointer without a cast
/usr/local/share/arduino/hardware/arduino/cores/arduino/pins_arduino.c:123: warning: initialization makes integer from pointer without a cast
/usr/local/share/arduino/hardware/arduino/cores/arduino/pins_arduino.c:125: warning: initialization makes integer from pointer without a cast
/usr/local/share/arduino/hardware/arduino/cores/arduino/pins_arduino.c:126: warning: initialization makes integer from pointer without a cast
/usr/local/share/arduino/hardware/arduino/cores/arduino/pins_arduino.c:127: warning: initialization makes integer from pointer without a cast
In file included from /usr/local/share/arduino/hardware/arduino/cores/arduino/wiring_private.h:30,
                 from /usr/local/share/arduino/hardware/arduino/cores/arduino/WInterrupts.c:34:
/usr/lib/gcc/avr/4.3.5/../../../avr/include/avr/delay.h:36:2: warning: #warning "This file has been moved to <util/delay.h>."
In file included from /usr/local/share/arduino/hardware/arduino/cores/arduino/wiring_private.h:30,
                 from /usr/local/share/arduino/hardware/arduino/cores/arduino/wiring_analog.c:27:
/usr/lib/gcc/avr/4.3.5/../../../avr/include/avr/delay.h:36:2: warning: #warning "This file has been moved to <util/delay.h>."
In file included from /usr/local/share/arduino/hardware/arduino/cores/arduino/wiring_private.h:30,
                 from /usr/local/share/arduino/hardware/arduino/cores/arduino/wiring.c:25:
/usr/lib/gcc/avr/4.3.5/../../../avr/include/avr/delay.h:36:2: warning: #warning "This file has been moved to <util/delay.h>."
In file included from /usr/local/share/arduino/hardware/arduino/cores/arduino/wiring_private.h:30,
                 from /usr/local/share/arduino/hardware/arduino/cores/arduino/wiring_digital.c:27:
/usr/lib/gcc/avr/4.3.5/../../../avr/include/avr/delay.h:36:2: warning: #warning "This file has been moved to <util/delay.h>."
In file included from /usr/local/share/arduino/hardware/arduino/cores/arduino/wiring_private.h:30,
                 from /usr/local/share/arduino/hardware/arduino/cores/arduino/wiring_pulse.c:25:
/usr/lib/gcc/avr/4.3.5/../../../avr/include/avr/delay.h:36:2: warning: #warning "This file has been moved to <util/delay.h>."
In file included from /usr/local/share/arduino/hardware/arduino/cores/arduino/wiring_private.h:30,
                 from /usr/local/share/arduino/hardware/arduino/cores/arduino/wiring_shift.c:25:
/usr/lib/gcc/avr/4.3.5/../../../avr/include/avr/delay.h:36:2: warning: #warning "This file has been moved to <util/delay.h>."
%% arduino/core.a
%% ArduPilotMega.elf
%% ArduPilotMega.eep
%% ArduPilotMega.hex
make[1]: Leaving directory `/root/apm/Sketchbook/trunk/ArduPilotMega'
